<?xml version="1.0" encoding="UTF-8"?>
<!-- Generated by org.testng.reporters.JUnitXMLReporter -->
<testsuite ignored="57" hostname="ZA-5CD1514QVX" failures="1" tests="3" name="Test" time="124.107" errors="0" timestamp="2022-09-20T20:15:16 CAT">
  <testcase classname="tests.TestCase16_DeleteAddress" name="DeleteAddress" time="18.337"/>
  <testcase classname="tests.TestCase14_addAddress" name="AddAddress" time="37.087"/>
  <testcase classname="tests.TestCase13_SelectAddress" name="SelectAddress" time="18.31">
    <failure type="org.openqa.selenium.NoSuchElementException" message="no such element: Unable to locate element: {&amp;quot;method&amp;quot;:&amp;quot;css selector&amp;quot;,&amp;quot;selector&amp;quot;:&amp;quot;*[name=&amp;apos;RB5ZQ3U5Y6234WPGFLCEG12WN95JGIHOIA2TIOHIGJ59NWLPXTQ2EQA2OXMN5Y3O:3:lpkklwhspklq&amp;apos;]&amp;quot;}
  (Session info: chrome=105.0.5195.127)
For documentation on this error, please visit: https://selenium.dev/exceptions/#no_such_element
Build info: version: &amp;apos;4.4.0&amp;apos;, revision: &amp;apos;e5c75ed026a&amp;apos;
System info: host: &amp;apos;ZA-5CD1514QVX&amp;apos;, ip: &amp;apos;192.168.196.53&amp;apos;, os.name: &amp;apos;Windows 10&amp;apos;, os.arch: &amp;apos;amd64&amp;apos;, os.version: &amp;apos;10.0&amp;apos;, java.version: &amp;apos;11.0.5&amp;apos;
Driver info: org.openqa.selenium.chrome.ChromeDriver
Command: [388aa05f214ba803b0478ae33984a9ff, findElement {using=name, value=RB5ZQ3U5Y6234WPGFLCEG12WN95JGIHOIA2TIOHIGJ59NWLPXTQ2EQA2OXMN5Y3O:3:lpkklwhspklq}]
Capabilities {acceptInsecureCerts: false, browserName: chrome, browserVersion: 105.0.5195.127, chrome: {chromedriverVersion: 105.0.5195.52 (412c95e51883..., userDataDir: C:\Users\NTWANA~1\AppData\L...}, goog:chromeOptions: {debuggerAddress: localhost:58321}, networkConnectionEnabled: false, pageLoadStrategy: normal, platformName: WINDOWS, proxy: Proxy(), se:cdp: ws://localhost:58321/devtoo..., se:cdpVersion: 105.0.5195.127, setWindowRect: true, strictFileInteractability: false, timeouts: {implicit: 0, pageLoad: 300000, script: 30000}, unhandledPromptBehavior: dismiss and notify, webauthn:extension:credBlob: true, webauthn:extension:largeBlob: true, webauthn:virtualAuthenticators: true}
Session ID: 388aa05f214ba803b0478ae33984a9ff">
      <![CDATA[org.openqa.selenium.NoSuchElementException: no such element: Unable to locate element: {"method":"css selector","selector":"*[name='RB5ZQ3U5Y6234WPGFLCEG12WN95JGIHOIA2TIOHIGJ59NWLPXTQ2EQA2OXMN5Y3O:3:lpkklwhspklq']"}
  (Session info: chrome=105.0.5195.127)
For documentation on this error, please visit: https://selenium.dev/exceptions/#no_such_element
Build info: version: '4.4.0', revision: 'e5c75ed026a'
System info: host: 'ZA-5CD1514QVX', ip: '192.168.196.53', os.name: 'Windows 10', os.arch: 'amd64', os.version: '10.0', java.version: '11.0.5'
Driver info: org.openqa.selenium.chrome.ChromeDriver
Command: [388aa05f214ba803b0478ae33984a9ff, findElement {using=name, value=RB5ZQ3U5Y6234WPGFLCEG12WN95JGIHOIA2TIOHIGJ59NWLPXTQ2EQA2OXMN5Y3O:3:lpkklwhspklq}]
Capabilities {acceptInsecureCerts: false, browserName: chrome, browserVersion: 105.0.5195.127, chrome: {chromedriverVersion: 105.0.5195.52 (412c95e51883..., userDataDir: C:\Users\NTWANA~1\AppData\L...}, goog:chromeOptions: {debuggerAddress: localhost:58321}, networkConnectionEnabled: false, pageLoadStrategy: normal, platformName: WINDOWS, proxy: Proxy(), se:cdp: ws://localhost:58321/devtoo..., se:cdpVersion: 105.0.5195.127, setWindowRect: true, strictFileInteractability: false, timeouts: {implicit: 0, pageLoad: 300000, script: 30000}, unhandledPromptBehavior: dismiss and notify, webauthn:extension:credBlob: true, webauthn:extension:largeBlob: true, webauthn:virtualAuthenticators: true}
Session ID: 388aa05f214ba803b0478ae33984a9ff
at org.openqa.selenium.remote.codec.w3c.W3CHttpResponseCodec.createException(W3CHttpResponseCodec.java:200)
at org.openqa.selenium.remote.codec.w3c.W3CHttpResponseCodec.decode(W3CHttpResponseCodec.java:133)
at org.openqa.selenium.remote.codec.w3c.W3CHttpResponseCodec.decode(W3CHttpResponseCodec.java:53)
at org.openqa.selenium.remote.HttpCommandExecutor.execute(HttpCommandExecutor.java:184)
at org.openqa.selenium.remote.service.DriverCommandExecutor.invokeExecute(DriverCommandExecutor.java:167)
at org.openqa.selenium.remote.service.DriverCommandExecutor.execute(DriverCommandExecutor.java:142)
at org.openqa.selenium.remote.RemoteWebDriver.execute(RemoteWebDriver.java:547)
at org.openqa.selenium.remote.ElementLocation$ElementFinder$2.findElement(ElementLocation.java:162)
at org.openqa.selenium.remote.ElementLocation.findElement(ElementLocation.java:66)
at org.openqa.selenium.remote.RemoteWebDriver.findElement(RemoteWebDriver.java:365)
at org.openqa.selenium.remote.RemoteWebDriver.findElement(RemoteWebDriver.java:357)
at org.openqa.selenium.support.pagefactory.DefaultElementLocator.findElement(DefaultElementLocator.java:70)
at org.openqa.selenium.support.pagefactory.internal.LocatingElementHandler.invoke(LocatingElementHandler.java:39)
at com.sun.proxy.$Proxy33.click(Unknown Source)
at PageFactory.SelectAddressPage.buttonClick(SelectAddressPage.java:51)
at tests.TestCase13_SelectAddress.SelectAddress(TestCase13_SelectAddress.java:32)
at java.base/java.util.ArrayList.forEach(ArrayList.java:1540)
... Removed 31 stack frames]]>
    </failure>
  </testcase> <!-- SelectAddress -->
  <testcase classname="tests.BaseClass" name="@BeforeSuite reportSetup" time="0.0">
    <ignored/>
  </testcase> <!-- @BeforeSuite reportSetup -->
  <testcase classname="tests.BaseClass" name="@BeforeSuite reportSetup" time="0.0">
    <ignored/>
  </testcase> <!-- @BeforeSuite reportSetup -->
  <testcase classname="tests.TestCase18_returnOrder" name="ReturnOrder" time="0.0">
    <ignored/>
  </testcase> <!-- ReturnOrder -->
  <testcase classname="tests.TestCase11_BrowserHistory" name="BrowserHistory" time="0.0">
    <ignored/>
  </testcase> <!-- BrowserHistory -->
  <testcase classname="tests.BaseClass" name="@AfterSuite reportTearDown" time="0.0">
    <ignored/>
  </testcase> <!-- @AfterSuite reportTearDown -->
  <testcase classname="tests.BaseClass" name="@AfterSuite reportTearDown" time="0.0">
    <ignored/>
  </testcase> <!-- @AfterSuite reportTearDown -->
  <testcase classname="tests.TestCase3_searchButton" name="search" time="0.0">
    <ignored/>
  </testcase> <!-- search -->
  <testcase classname="tests.BaseClass" name="@AfterSuite reportTearDown" time="0.0">
    <ignored/>
  </testcase> <!-- @AfterSuite reportTearDown -->
  <testcase classname="tests.TestCase9_CustomerServices" name="CustomerServices" time="0.0">
    <ignored/>
  </testcase> <!-- CustomerServices -->
  <testcase classname="tests.BaseClass" name="@AfterSuite reportTearDown" time="0.0">
    <ignored/>
  </testcase> <!-- @AfterSuite reportTearDown -->
  <testcase classname="tests.TestCase8_GiftCards" name="GiftCards" time="0.0">
    <ignored/>
  </testcase> <!-- GiftCards -->
  <testcase classname="tests.BaseClass" name="@BeforeSuite reportSetup" time="0.0">
    <ignored/>
  </testcase> <!-- @BeforeSuite reportSetup -->
  <testcase classname="tests.BaseClass" name="@AfterSuite reportTearDown" time="0.0">
    <ignored/>
  </testcase> <!-- @AfterSuite reportTearDown -->
  <testcase classname="tests.BaseClass" name="@AfterSuite reportTearDown" time="0.0">
    <ignored/>
  </testcase> <!-- @AfterSuite reportTearDown -->
  <testcase classname="tests.BaseClass" name="@BeforeSuite reportSetup" time="0.0">
    <ignored/>
  </testcase> <!-- @BeforeSuite reportSetup -->
  <testcase classname="tests.TestCase1_login" name="loginTest" time="0.0">
    <ignored/>
  </testcase> <!-- loginTest -->
  <testcase classname="tests.BaseClass" name="@AfterSuite reportTearDown" time="0.0">
    <ignored/>
  </testcase> <!-- @AfterSuite reportTearDown -->
  <testcase classname="tests.TestCase17_RemoveFromCart" name="RemoveFromCart" time="0.0">
    <ignored/>
  </testcase> <!-- RemoveFromCart -->
  <testcase classname="tests.BaseClass" name="@AfterSuite reportTearDown" time="0.0">
    <ignored/>
  </testcase> <!-- @AfterSuite reportTearDown -->
  <testcase classname="tests.BaseClass" name="@AfterSuite reportTearDown" time="0.0">
    <ignored/>
  </testcase> <!-- @AfterSuite reportTearDown -->
  <testcase classname="tests.BaseClass" name="@BeforeSuite reportSetup" time="0.0">
    <ignored/>
  </testcase> <!-- @BeforeSuite reportSetup -->
  <testcase classname="tests.BaseClass" name="@BeforeSuite reportSetup" time="0.0">
    <ignored/>
  </testcase> <!-- @BeforeSuite reportSetup -->
  <testcase classname="tests.BaseClass" name="@AfterSuite reportTearDown" time="0.0">
    <ignored/>
  </testcase> <!-- @AfterSuite reportTearDown -->
  <testcase classname="tests.TestCase4_addToCart" name="addToCart" time="0.0">
    <ignored/>
  </testcase> <!-- addToCart -->
  <testcase classname="tests.BaseClass" name="@BeforeSuite reportSetup" time="0.0">
    <ignored/>
  </testcase> <!-- @BeforeSuite reportSetup -->
  <testcase classname="tests.TestCase7_BuyAgain" name="BuyAgain" time="0.0">
    <ignored/>
  </testcase> <!-- BuyAgain -->
  <testcase classname="tests.BaseClass" name="@AfterSuite reportTearDown" time="0.0">
    <ignored/>
  </testcase> <!-- @AfterSuite reportTearDown -->
  <testcase classname="tests.TestCase20_Signout" name="Signout" time="0.0">
    <ignored/>
  </testcase> <!-- Signout -->
  <testcase classname="tests.TestCase10_Registry" name="Registry" time="0.0">
    <ignored/>
  </testcase> <!-- Registry -->
  <testcase classname="tests.TestCase15_editAddress" name="editAddress" time="0.0">
    <ignored/>
  </testcase> <!-- editAddress -->
  <testcase classname="tests.TestCase19_invalidEmail" name="LoginWithInvalidEmail" time="0.0">
    <ignored/>
  </testcase> <!-- LoginWithInvalidEmail -->
  <testcase classname="tests.BaseClass" name="@AfterSuite reportTearDown" time="0.0">
    <ignored/>
  </testcase> <!-- @AfterSuite reportTearDown -->
  <testcase classname="tests.BaseClass" name="@BeforeSuite reportSetup" time="0.0">
    <ignored/>
  </testcase> <!-- @BeforeSuite reportSetup -->
  <testcase classname="tests.BaseClass" name="@AfterSuite reportTearDown" time="0.0">
    <ignored/>
  </testcase> <!-- @AfterSuite reportTearDown -->
  <testcase classname="tests.BaseClass" name="@AfterSuite reportTearDown" time="0.0">
    <ignored/>
  </testcase> <!-- @AfterSuite reportTearDown -->
  <testcase classname="tests.BaseClass" name="@BeforeSuite reportSetup" time="0.0">
    <ignored/>
  </testcase> <!-- @BeforeSuite reportSetup -->
  <testcase classname="tests.BaseClass" name="@BeforeSuite reportSetup" time="0.0">
    <ignored/>
  </testcase> <!-- @BeforeSuite reportSetup -->
  <testcase classname="tests.BaseClass" name="@BeforeSuite reportSetup" time="0.0">
    <ignored/>
  </testcase> <!-- @BeforeSuite reportSetup -->
  <testcase classname="tests.BaseClass" name="@AfterSuite reportTearDown" time="0.0">
    <ignored/>
  </testcase> <!-- @AfterSuite reportTearDown -->
  <testcase classname="tests.BaseClass" name="@AfterSuite reportTearDown" time="0.0">
    <ignored/>
  </testcase> <!-- @AfterSuite reportTearDown -->
  <testcase classname="tests.TestCase2_invalidLogin" name="loginWithInvalidPassword" time="0.0">
    <ignored/>
  </testcase> <!-- loginWithInvalidPassword -->
  <testcase classname="tests.BaseClass" name="@BeforeSuite reportSetup" time="0.0">
    <ignored/>
  </testcase> <!-- @BeforeSuite reportSetup -->
  <testcase classname="tests.BaseClass" name="@AfterSuite reportTearDown" time="0.0">
    <ignored/>
  </testcase> <!-- @AfterSuite reportTearDown -->
  <testcase classname="tests.TestCase6_myAmazon" name="myAmazon" time="0.0">
    <ignored/>
  </testcase> <!-- myAmazon -->
  <testcase classname="tests.BaseClass" name="@BeforeSuite reportSetup" time="0.0">
    <ignored/>
  </testcase> <!-- @BeforeSuite reportSetup -->
  <testcase classname="tests.BaseClass" name="@BeforeSuite reportSetup" time="0.0">
    <ignored/>
  </testcase> <!-- @BeforeSuite reportSetup -->
  <testcase classname="tests.BaseClass" name="@AfterSuite reportTearDown" time="0.0">
    <ignored/>
  </testcase> <!-- @AfterSuite reportTearDown -->
  <testcase classname="tests.BaseClass" name="@AfterSuite reportTearDown" time="0.0">
    <ignored/>
  </testcase> <!-- @AfterSuite reportTearDown -->
  <testcase classname="tests.BaseClass" name="@BeforeSuite reportSetup" time="0.0">
    <ignored/>
  </testcase> <!-- @BeforeSuite reportSetup -->
  <testcase classname="tests.BaseClass" name="@BeforeSuite reportSetup" time="0.0">
    <ignored/>
  </testcase> <!-- @BeforeSuite reportSetup -->
  <testcase classname="tests.BaseClass" name="@BeforeSuite reportSetup" time="0.0">
    <ignored/>
  </testcase> <!-- @BeforeSuite reportSetup -->
  <testcase classname="tests.BaseClass" name="@BeforeSuite reportSetup" time="0.0">
    <ignored/>
  </testcase> <!-- @BeforeSuite reportSetup -->
  <testcase classname="tests.TestCase12_Sell" name="Sell" time="0.0">
    <ignored/>
  </testcase> <!-- Sell -->
  <testcase classname="tests.BaseClass" name="@BeforeSuite reportSetup" time="0.0">
    <ignored/>
  </testcase> <!-- @BeforeSuite reportSetup -->
  <testcase classname="tests.TestCase5_TodaysDeals" name="todaysDeals" time="0.0">
    <ignored/>
  </testcase> <!-- todaysDeals -->
  <testcase classname="tests.BaseClass" name="@AfterSuite reportTearDown" time="0.0">
    <ignored/>
  </testcase> <!-- @AfterSuite reportTearDown -->
  <testcase classname="tests.BaseClass" name="@BeforeSuite reportSetup" time="0.0">
    <ignored/>
  </testcase> <!-- @BeforeSuite reportSetup -->
</testsuite> <!-- Test -->
